VR Room Project/Temp/gradleOut/launcher/build/intermediates/manifest_merge_blame_file/release/manifest-merger-blame-release-report.txt
1<?xml version="1.0" encoding="utf-8"?>
2<!-- GENERATED BY UNITY. REMOVE THIS COMMENT TO PREVENT OVERWRITING WHEN EXPORTING AGAIN -->
3<manifest xmlns:android="http://schemas.android.com/apk/res/android"
4    package="com.msmdev.vrroom"
5    android:installLocation="preferExternal"
6    android:versionCode="1"
7    android:versionName="0.1" >
8
9    <uses-sdk
10        android:minSdkVersion="23"
10-->src/main/AndroidManifest.xml
11        android:targetSdkVersion="29" />
11-->src/main/AndroidManifest.xml
12
13    <supports-screens
13-->src/main/AndroidManifest.xml:4:3-163
14        android:anyDensity="true"
14-->src/main/AndroidManifest.xml:4:135-160
15        android:largeScreens="true"
15-->src/main/AndroidManifest.xml:4:78-105
16        android:normalScreens="true"
16-->src/main/AndroidManifest.xml:4:49-77
17        android:smallScreens="true"
17-->src/main/AndroidManifest.xml:4:21-48
18        android:xlargeScreens="true" />
18-->src/main/AndroidManifest.xml:4:106-134
19
20    <uses-feature android:glEsVersion="0x00030000" />
20-->[:unityLibrary] AndroidManifest.xml:14:5-54
20-->[:unityLibrary] AndroidManifest.xml:14:19-51
21
22    <uses-permission android:name="android.permission.INTERNET" />
22-->[:unityLibrary] AndroidManifest.xml:16:5-67
22-->[:unityLibrary] AndroidManifest.xml:16:22-64
23
24    <uses-feature
24-->[:unityLibrary] AndroidManifest.xml:18:5-20:36
25        android:name="android.hardware.touchscreen"
25-->[:unityLibrary] AndroidManifest.xml:19:9-52
26        android:required="false" />
26-->[:unityLibrary] AndroidManifest.xml:20:9-33
27    <uses-feature
27-->[:unityLibrary] AndroidManifest.xml:21:5-23:36
28        android:name="android.hardware.touchscreen.multitouch"
28-->[:unityLibrary] AndroidManifest.xml:22:9-63
29        android:required="false" />
29-->[:unityLibrary] AndroidManifest.xml:23:9-33
30    <uses-feature
30-->[:unityLibrary] AndroidManifest.xml:24:5-26:36
31        android:name="android.hardware.touchscreen.multitouch.distinct"
31-->[:unityLibrary] AndroidManifest.xml:25:9-72
32        android:required="false" />
32-->[:unityLibrary] AndroidManifest.xml:26:9-33
33    <uses-feature
33-->[:unityLibrary] AndroidManifest.xml:27:5-30:31
34        android:name="android.hardware.vr.headtracking"
34-->[:unityLibrary] AndroidManifest.xml:28:9-56
35        android:required="true"
35-->[:unityLibrary] AndroidManifest.xml:29:9-32
36        android:version="1" />
36-->[:unityLibrary] AndroidManifest.xml:30:9-28
37
38    <application
38-->src/main/AndroidManifest.xml:5:3-116
39        android:extractNativeLibs="true"
39-->src/main/AndroidManifest.xml:5:16-48
40        android:icon="@mipmap/app_icon"
40-->src/main/AndroidManifest.xml:5:82-113
41        android:label="@string/app_name" >
41-->src/main/AndroidManifest.xml:5:49-81
42        <activity
42-->[:unityLibrary] AndroidManifest.xml:33:9-57:20
43            android:name="com.unity3d.player.UnityPlayerActivity"
43-->[:unityLibrary] AndroidManifest.xml:34:13-66
44            android:configChanges="keyboard|keyboardHidden|navigation|orientation|screenLayout|screenSize|uiMode"
44-->[:unityLibrary] AndroidManifest.xml:35:13-114
45            android:hardwareAccelerated="false"
45-->[:unityLibrary] AndroidManifest.xml:36:13-48
46            android:launchMode="singleTask"
46-->[:unityLibrary] AndroidManifest.xml:37:13-44
47            android:resizeableActivity="false"
47-->[:unityLibrary] AndroidManifest.xml:38:13-47
48            android:screenOrientation="landscape"
48-->[:unityLibrary] AndroidManifest.xml:39:13-50
49            android:theme="@android:style/Theme.Black.NoTitleBar.Fullscreen" >
49-->[:unityLibrary] AndroidManifest.xml:40:13-77
50            <intent-filter>
50-->[:unityLibrary] AndroidManifest.xml:41:13-46:29
51                <action android:name="android.intent.action.MAIN" />
51-->[:unityLibrary] AndroidManifest.xml:42:17-69
51-->[:unityLibrary] AndroidManifest.xml:42:25-66
52
53                <category android:name="android.intent.category.LAUNCHER" />
53-->[:unityLibrary] AndroidManifest.xml:44:17-77
53-->[:unityLibrary] AndroidManifest.xml:44:27-74
54                <category android:name="com.oculus.intent.category.VR" />
54-->[:unityLibrary] AndroidManifest.xml:45:17-74
54-->[:unityLibrary] AndroidManifest.xml:45:27-71
55            </intent-filter>
56
57            <meta-data
57-->[:unityLibrary] AndroidManifest.xml:48:13-50:40
58                android:name="unityplayer.UnityActivity"
58-->[:unityLibrary] AndroidManifest.xml:49:17-57
59                android:value="true" />
59-->[:unityLibrary] AndroidManifest.xml:50:17-37
60            <meta-data
60-->[:unityLibrary] AndroidManifest.xml:51:13-53:40
61                android:name="android.notch_support"
61-->[:unityLibrary] AndroidManifest.xml:52:17-53
62                android:value="true" />
62-->[:unityLibrary] AndroidManifest.xml:53:17-37
63            <meta-data
63-->[:unityLibrary] AndroidManifest.xml:54:13-56:40
64                android:name="com.oculus.vr.focusaware"
64-->[:unityLibrary] AndroidManifest.xml:55:17-56
65                android:value="true" />
65-->[:unityLibrary] AndroidManifest.xml:56:17-37
66        </activity>
67
68        <meta-data
68-->[:unityLibrary] AndroidManifest.xml:59:9-61:33
69            android:name="unity.splash-mode"
69-->[:unityLibrary] AndroidManifest.xml:60:13-45
70            android:value="0" />
70-->[:unityLibrary] AndroidManifest.xml:61:13-30
71        <meta-data
71-->[:unityLibrary] AndroidManifest.xml:62:9-64:36
72            android:name="unity.splash-enable"
72-->[:unityLibrary] AndroidManifest.xml:63:13-47
73            android:value="True" />
73-->[:unityLibrary] AndroidManifest.xml:64:13-33
74        <meta-data
74-->[:unityLibrary] AndroidManifest.xml:65:9-67:37
75            android:name="unity.allow-resizable-window"
75-->[:unityLibrary] AndroidManifest.xml:66:13-56
76            android:value="False" />
76-->[:unityLibrary] AndroidManifest.xml:67:13-34
77        <meta-data
77-->[:unityLibrary] AndroidManifest.xml:68:9-70:50
78            android:name="notch.config"
78-->[:unityLibrary] AndroidManifest.xml:69:13-40
79            android:value="portrait|landscape" />
79-->[:unityLibrary] AndroidManifest.xml:70:13-47
80        <meta-data
80-->[:unityLibrary] AndroidManifest.xml:71:9-73:68
81            android:name="unity.build-id"
81-->[:unityLibrary] AndroidManifest.xml:72:13-42
82            android:value="db66f1cb-3efd-40d8-93ea-339c532a2090" />
82-->[:unityLibrary] AndroidManifest.xml:73:13-65
83        <meta-data
83-->[:unityLibrary] AndroidManifest.xml:74:9-76:39
84            android:name="com.samsung.android.vr.application.mode"
84-->[:unityLibrary] AndroidManifest.xml:75:13-67
85            android:value="vr_only" />
85-->[:unityLibrary] AndroidManifest.xml:76:13-36
86        <meta-data
86-->[:unityLibrary] AndroidManifest.xml:77:9-79:37
87            android:name="com.unity.xr.oculus.LowOverheadMode"
87-->[:unityLibrary] AndroidManifest.xml:78:13-63
88            android:value="false" />
88-->[:unityLibrary] AndroidManifest.xml:79:13-34
89        <meta-data
89-->[:unityLibrary] AndroidManifest.xml:80:9-82:44
90            android:name="com.oculus.supportedDevices"
90-->[:unityLibrary] AndroidManifest.xml:81:13-55
91            android:value="quest|quest2" />
91-->[:unityLibrary] AndroidManifest.xml:82:13-41
92    </application>
93
94</manifest>